<?xml version="1.0" encoding="UTF-8"?>
<!-- Generated by org.testng.reporters.JUnitReportReporter -->
<testsuite hostname="DESKTOP-4KM8NIQ" failures="0" tests="3" name="com.hrms.tdd.TDD" time="0.008" errors="0" timestamp="2020-09-10T14:06:11 EDT" skipped="0">
  <testcase classname="com.hrms.tdd.TDD" name="closingDoor" time="0.001"/>
  <system-out/>
  <testcase classname="com.hrms.tdd.TDD" name="openingDoor" time="0.001"/>
  <system-out/>
  <testcase classname="com.hrms.tdd.TDD" name="knokingDoor" time="0.006"/>
  <system-out/>
</testsuite> <!-- com.hrms.tdd.TDD -->
