<?xml version="1.0" encoding="UTF-8"?>
<!-- Generated by org.testng.reporters.JUnitReportReporter -->
<testsuite hostname="DESKTOP-4KM8NIQ" failures="0" tests="1" name="testNg.DifferentAnnotations" time="0.006" errors="0" timestamp="2020-05-29T22:31:15 EDT" skipped="0">
  <testcase classname="testNg.DifferentAnnotations" name="test" time="0.006"/>
  <system-out/>
</testsuite> <!-- testNg.DifferentAnnotations -->
