<?xml version="1.0" encoding="UTF-8"?>
<!-- Generated by org.testng.reporters.JUnitReportReporter -->
<testsuite hostname="DESKTOP-4KM8NIQ" failures="0" tests="1" name="com.class05.Recap" time="0.007" errors="0" timestamp="2020-06-06T21:11:18 EDT" skipped="0">
  <testcase classname="com.class05.Recap" name="arrayRecap" time="0.007"/>
  <system-out/>
</testsuite> <!-- com.class05.Recap -->
