<?xml version="1.0" encoding="UTF-8"?>
<!-- Generated by org.testng.reporters.JUnitReportReporter -->
<testsuite hostname="DESKTOP-4KM8NIQ" failures="0" tests="1" name="test.AddEmployeeTest" time="17.157" errors="0" timestamp="2020-06-06T23:33:57 EDT" skipped="0">
  <testcase classname="test.AddEmployeeTest" name="addEmployeeAdd" time="17.157"/>
  <system-out/>
</testsuite> <!-- test.AddEmployeeTest -->
