<?xml version="1.0" encoding="UTF-8"?>
<!-- Generated by org.testng.reporters.JUnitReportReporter -->
<testsuite hostname="DESKTOP-4KM8NIQ" failures="0" tests="1" name="com.class04.HW" time="0.000" errors="0" timestamp="2020-06-09T22:11:48 EDT" skipped="1">
  <testcase classname="com.class04.HW" name="test" time="0.000">
    <skipped/>
  </testcase> <!-- test -->
  <system-out/>
</testsuite> <!-- com.class04.HW -->
