<?xml version="1.0" encoding="UTF-8"?>
<!-- Generated by org.testng.reporters.JUnitReportReporter -->
<testsuite hostname="DESKTOP-4KM8NIQ" failures="0" tests="1" name="testNg.testng" time="0.010" errors="0" timestamp="2020-05-20T00:11:38 EDT" skipped="0">
  <testcase classname="testNg.testng" name="hello" time="0.010"/>
  <system-out/>
</testsuite> <!-- testNg.testng -->
